c:\users\wdddi\workspace\malt-shoot\build\maltshootlib.dir\release\itemmanager.obj
c:\users\wdddi\workspace\malt-shoot\build\maltshootlib.dir\release\particlesystem.obj
c:\users\wdddi\workspace\malt-shoot\build\maltshootlib.dir\release\background3d.obj
c:\users\wdddi\workspace\malt-shoot\build\maltshootlib.dir\release\enemymanager.obj
c:\users\wdddi\workspace\malt-shoot\build\maltshootlib.dir\release\enemy.obj
c:\users\wdddi\workspace\malt-shoot\build\maltshootlib.dir\release\bulletmanager.obj
c:\users\wdddi\workspace\malt-shoot\build\maltshootlib.dir\release\player.obj
c:\users\wdddi\workspace\malt-shoot\build\maltshootlib.dir\release\input.obj
c:\users\wdddi\workspace\malt-shoot\build\maltshootlib.dir\release\graphics.obj
c:\users\wdddi\workspace\malt-shoot\build\maltshootlib.dir\release\game.obj
c:\users\wdddi\workspace\malt-shoot\build\cmakefiles\generate.stamp
c:\users\wdddi\workspace\malt-shoot\build\release\maltshootlib.lib
c:\users\wdddi\workspace\malt-shoot\build\maltshootlib.dir\release\maltshootlib.tlog\cl.command.1.tlog
c:\users\wdddi\workspace\malt-shoot\build\maltshootlib.dir\release\maltshootlib.tlog\cl.items.tlog
c:\users\wdddi\workspace\malt-shoot\build\maltshootlib.dir\release\maltshootlib.tlog\cl.read.1.tlog
c:\users\wdddi\workspace\malt-shoot\build\maltshootlib.dir\release\maltshootlib.tlog\cl.write.1.tlog
c:\users\wdddi\workspace\malt-shoot\build\maltshootlib.dir\release\maltshootlib.tlog\custombuild.command.1.tlog
c:\users\wdddi\workspace\malt-shoot\build\maltshootlib.dir\release\maltshootlib.tlog\custombuild.read.1.tlog
c:\users\wdddi\workspace\malt-shoot\build\maltshootlib.dir\release\maltshootlib.tlog\custombuild.write.1.tlog
c:\users\wdddi\workspace\malt-shoot\build\maltshootlib.dir\release\maltshootlib.tlog\lib-link.read.1.tlog
c:\users\wdddi\workspace\malt-shoot\build\maltshootlib.dir\release\maltshootlib.tlog\lib-link.write.1.tlog
c:\users\wdddi\workspace\malt-shoot\build\maltshootlib.dir\release\maltshootlib.tlog\lib.command.1.tlog
